\BOOKMARK [1][-]{section.1}{\376\377\000E\000i\000n\000l\000e\000i\000t\000u\000n\000g}{}% 1
\BOOKMARK [1][-]{section.2}{\376\377\000V\000o\000r\000b\000e\000r\000e\000i\000t\000u\000n\000g\000s\000f\000r\000a\000g\000e\000n}{}% 2
\BOOKMARK [2][-]{subsection.2.1}{\376\377\000W\000i\000e\000\040\000r\000e\000a\000g\000i\000e\000r\000t\000\040\000e\000i\000n\000\040\000S\000i\000P\000M\000\040\000a\000u\000f\000\040\000e\000i\000n\000t\000r\000e\000f\000f\000e\000n\000d\000e\000\040\000P\000h\000o\000t\000o\000n\000e\000n\000\040\000u\000n\000t\000e\000r\000h\000a\000l\000b\000\040\000u\000n\000d\000\040\000o\000b\000e\000r\000h\000a\000l\000b\000\040\000d\000e\000r\000\040\000D\000u\000r\000c\000h\000b\000r\000u\000c\000h\000s\000s\000p\000a\000n\000n\000u\000n\000g\000?}{section.2}% 3
\BOOKMARK [2][-]{subsection.2.2}{\376\377\000W\000e\000l\000c\000h\000e\000r\000\040\000p\000h\000y\000s\000i\000k\000a\000l\000i\000s\000c\000h\000e\000\040\000P\000r\000o\000z\000e\000s\000s\000\040\000i\000s\000t\000\040\000v\000e\000r\000a\000n\000t\000w\000o\000r\000t\000l\000i\000c\000h\000\040\000f\000\374\000r\000\040\000d\000e\000n\000\040\000L\000a\000w\000i\000n\000e\000n\000d\000u\000r\000c\000h\000b\000r\000u\000c\000h\000?\000\040\000W\000i\000e\000\040\000w\000i\000r\000d\000\040\000d\000i\000e\000s\000e\000r\000\040\000P\000r\000o\000z\000e\000s\000s\000\040\000i\000n\000\040\000e\000i\000n\000e\000m\000\040\000S\000i\000P\000M\000\040\000u\000n\000t\000e\000r\000b\000r\000o\000c\000h\000e\000n\000?}{section.2}% 4
\BOOKMARK [2][-]{subsection.2.3}{\376\377\000B\000e\000i\000\040\000w\000e\000l\000c\000h\000e\000r\000\040\000S\000p\000a\000n\000n\000u\000n\000g\000\040\000s\000o\000l\000l\000t\000e\000\040\000d\000e\000r\000\040\000S\000i\000P\000M\000\040\000b\000e\000t\000r\000i\000e\000b\000e\000n\000\040\000w\000e\000r\000d\000e\000n\000?}{section.2}% 5
\BOOKMARK [2][-]{subsection.2.4}{\376\377\000W\000e\000l\000c\000h\000e\000\040\000E\000f\000f\000e\000k\000t\000e\000\040\000b\000e\000e\000i\000n\000f\000l\000u\000s\000s\000e\000n\000\040\000d\000i\000e\000\040\000Q\000u\000a\000l\000i\000t\000\344\000t\000\040\000d\000e\000s\000\040\000S\000p\000e\000k\000t\000r\000u\000m\000s\000?}{section.2}% 6
\BOOKMARK [2][-]{subsection.2.5}{\376\377\000W\000a\000r\000u\000m\000\040\000i\000s\000t\000\040\000d\000e\000r\000\040\000D\000u\000n\000k\000e\000l\000s\000t\000r\000o\000m\000\040\000a\000b\000h\000\344\000n\000g\000i\000g\000\040\000v\000o\000n\000\040\000d\000e\000r\000\040\000U\000m\000g\000e\000b\000u\000n\000g\000s\000t\000e\000m\000p\000e\000r\000a\000t\000u\000r\000?}{section.2}% 7
\BOOKMARK [2][-]{subsection.2.6}{\376\377\000W\000i\000e\000\040\000k\000a\000n\000n\000\040\000d\000e\000r\000\040\000o\000p\000t\000i\000s\000c\000h\000e\000\040\000C\000r\000o\000s\000s\000t\000a\000l\000k\000\040\000e\000i\000n\000e\000s\000\040\000S\000i\000P\000M\000s\000\040\000b\000e\000s\000t\000i\000m\000m\000t\000\040\000w\000e\000r\000d\000e\000n\000?}{section.2}% 8
\BOOKMARK [2][-]{subsection.2.7}{\376\377\000E\000r\000k\000l\000\344\000r\000e\000n\000\040\000S\000i\000e\000\040\000q\000u\000a\000l\000i\000t\000a\000t\000i\000v\000\040\000d\000a\000s\000\040\000E\000i\000n\000z\000e\000l\000p\000h\000o\000t\000o\000n\000-\000S\000p\000e\000k\000t\000r\000u\000m\000,\000\040\000d\000a\000s\000\040\000S\000i\000e\000\040\000d\000u\000r\000c\000h\000\040\000I\000l\000l\000u\000m\000i\000n\000a\000t\000i\000o\000n\000\040\000d\000e\000s\000\040\000S\000i\000P\000M\000s\000\040\000e\000r\000h\000a\000l\000t\000e\000n\000.}{section.2}% 9
\BOOKMARK [2][-]{subsection.2.8}{\376\377\000W\000e\000l\000c\000h\000e\000n\000\040\000W\000a\000h\000r\000s\000c\000h\000e\000i\000n\000l\000i\000c\000h\000k\000e\000i\000t\000s\000v\000e\000r\000t\000e\000i\000l\000u\000n\000g\000e\000n\000\040\000f\000o\000l\000g\000e\000n\000\040\000d\000i\000e\000\040\000e\000m\000i\000t\000t\000i\000e\000r\000t\000e\000n\000\040\000P\000h\000o\000t\000o\000n\000e\000n\000\040\000u\000n\000d\000\040\000d\000i\000e\000\040\000R\000e\000s\000p\000o\000n\000s\000e\000\040\000d\000e\000r\000\040\000S\000i\000P\000M\000\040\000i\000n\000\040\000e\000r\000s\000t\000e\000r\000\040\000N\000\344\000h\000e\000r\000u\000n\000g\000?\000\040\000W\000i\000e\000\040\000k\000\366\000n\000n\000e\000n\000\040\000w\000e\000i\000t\000e\000r\000e\000\040\000D\000e\000t\000e\000k\000t\000o\000r\000e\000f\000f\000e\000k\000t\000e\000\040\000b\000e\000r\000\374\000c\000k\000s\000i\000c\000h\000t\000i\000g\000t\000\040\000w\000e\000r\000d\000e\000n\000?}{section.2}% 10
\BOOKMARK [2][-]{subsection.2.9}{\376\377\000W\000i\000e\000\040\000b\000e\000r\000e\000c\000h\000n\000e\000t\000\040\000s\000i\000c\000h\000\040\000d\000e\000r\000\040\000M\000i\000t\000t\000e\000l\000w\000e\000r\000t\000\040\000e\000i\000n\000e\000r\000\040\000H\000\344\000u\000f\000i\000g\000k\000e\000i\000t\000s\000v\000e\000r\000t\000e\000i\000l\000u\000n\000g\000\040\000\050\000H\000i\000s\000t\000o\000g\000r\000a\000m\000m\000\051\000?}{section.2}% 11
\BOOKMARK [1][-]{section.3}{\376\377\000T\000h\000e\000o\000r\000e\000t\000i\000s\000c\000h\000e\000\040\000G\000r\000u\000n\000d\000l\000a\000g\000e\000n}{}% 12
\BOOKMARK [2][-]{subsection.3.1}{\376\377\000P\000h\000o\000t\000o\000e\000l\000e\000k\000t\000r\000i\000s\000c\000h\000e\000r\000\040\000E\000f\000f\000e\000k\000t}{section.3}% 13
\BOOKMARK [2][-]{subsection.3.2}{\376\377\000P\000I\000N\000-\000D\000i\000o\000d\000e}{section.3}% 14
\BOOKMARK [2][-]{subsection.3.3}{\376\377\000A\000v\000a\000l\000a\000n\000c\000h\000e\000\040\000P\000h\000o\000t\000o\000d\000i\000o\000d\000e\000\040\000\050\000A\000P\000D\000\051}{section.3}% 15
\BOOKMARK [2][-]{subsection.3.4}{\376\377\000S\000i\000l\000i\000z\000i\000u\000m\000\040\000P\000h\000o\000t\000o\000m\000u\000l\000t\000i\000p\000l\000i\000e\000r\000\040\000\050\000S\000i\000P\000M\000\051}{section.3}% 16
\BOOKMARK [2][-]{subsection.3.5}{\376\377\000D\000a\000r\000k\000\040\000C\000o\000u\000n\000t\000\040\000R\000a\000t\000e\000\040\000\050\000D\000C\000R\000\051}{section.3}% 17
\BOOKMARK [2][-]{subsection.3.6}{\376\377\000O\000p\000t\000i\000s\000c\000h\000e\000r\000\040\000C\000r\000o\000s\000s\000t\000a\000l\000k}{section.3}% 18
\BOOKMARK [2][-]{subsection.3.7}{\376\377\000A\000f\000t\000e\000r\000p\000u\000l\000s\000e}{section.3}% 19
\BOOKMARK [2][-]{subsection.3.8}{\376\377\000K\000o\000r\000r\000e\000l\000i\000e\000r\000t\000e\000\040\000N\000o\000i\000s\000e\000\040\000\050\000C\000N\000\051}{section.3}% 20
\BOOKMARK [2][-]{subsection.3.9}{\376\377\000S\000t\000a\000t\000i\000s\000t\000i\000s\000c\000h\000e\000\040\000B\000e\000t\000r\000a\000c\000h\000t\000u\000n\000g\000e\000n}{section.3}% 21
\BOOKMARK [1][-]{section.4}{\376\377\000E\000x\000p\000e\000r\000i\000m\000e\000n\000t\000e\000l\000l\000e\000r\000\040\000A\000u\000f\000b\000a\000u\000\040\000u\000n\000d\000\040\000D\000u\000r\000c\000h\000f\000\374\000h\000r\000u\000n\000g}{}% 22
\BOOKMARK [2][-]{subsection.4.1}{\376\377\000B\000e\000o\000b\000a\000c\000h\000t\000u\000n\000g\000\040\000v\000o\000n\000\040\000P\000u\000l\000s\000e\000n\000\040\000a\000m\000\040\000O\000s\000z\000i\000l\000l\000o\000s\000k\000o\000p}{section.4}% 23
\BOOKMARK [3][-]{subsubsection.4.1.1}{\376\377\000P\000u\000l\000s\000s\000t\000\344\000r\000k\000e\000n}{subsection.4.1}% 24
\BOOKMARK [3][-]{subsubsection.4.1.2}{\376\377\000A\000n\000s\000t\000i\000e\000g\000s\000-\000\040\000u\000n\000d\000\040\000Z\000e\000r\000f\000a\000l\000l\000s\000z\000e\000i\000t}{subsection.4.1}% 25
\BOOKMARK [3][-]{subsubsection.4.1.3}{\376\377\000\304\000n\000d\000e\000r\000u\000n\000g\000\040\000d\000e\000r\000\040\000I\000n\000t\000e\000n\000s\000i\000t\000\344\000t}{subsection.4.1}% 26
\BOOKMARK [3][-]{subsubsection.4.1.4}{\376\377\000S\000p\000a\000n\000n\000u\000n\000g\000s\000\344\000n\000d\000e\000r\000u\000n\000g}{subsection.4.1}% 27
\BOOKMARK [3][-]{subsubsection.4.1.5}{\376\377\000D\000a\000s\000\040\000G\000a\000t\000e}{subsection.4.1}% 28
\BOOKMARK [2][-]{subsection.4.2}{\376\377\000A\000u\000f\000n\000a\000h\000m\000e\000\040\000v\000o\000n\000\040\000D\000u\000n\000k\000e\000l\000-\000S\000p\000e\000k\000t\000r\000e\000n}{section.4}% 29
\BOOKMARK [3][-]{subsubsection.4.2.1}{\376\377\000W\000a\000h\000r\000s\000c\000h\000e\000i\000n\000l\000i\000c\000h\000k\000e\000i\000t\000s\000v\000e\000r\000t\000e\000i\000l\000u\000n\000g\000\040\000d\000e\000r\000\040\000D\000C\000R}{subsection.4.2}% 30
\BOOKMARK [3][-]{subsubsection.4.2.2}{\376\377\000D\000u\000n\000k\000e\000l\000s\000p\000e\000k\000t\000r\000e\000n\000\040\000f\000\374\000r\000\040\000v\000e\000r\000s\000c\000h\000i\000e\000d\000e\000n\000e\000n\000\040\000S\000p\000a\000n\000n\000u\000n\000g\000e\000n}{subsection.4.2}% 31
\BOOKMARK [3][-]{subsubsection.4.2.3}{\376\377\000M\000e\000t\000h\000o\000d\000e\000n\000\040\000z\000u\000r\000\040\000B\000e\000s\000t\000i\000m\000m\000u\000n\000g\000\040\000d\000e\000r\000\040\000D\000C\000R}{subsection.4.2}% 32
\BOOKMARK [3][-]{subsubsection.4.2.4}{\376\377\000C\000r\000o\000s\000s\000t\000a\000l\000k\000\040\000W\000a\000h\000r\000s\000c\000h\000e\000i\000n\000l\000i\000c\000h\000k\000e\000i\000t}{subsection.4.2}% 33
\BOOKMARK [2][-]{subsection.4.3}{\376\377\000A\000u\000f\000n\000a\000h\000m\000e\000\040\000v\000o\000n\000\040\000L\000E\000D\000-\000S\000p\000e\000k\000t\000r\000e\000n}{section.4}% 34
\BOOKMARK [3][-]{subsubsection.4.3.1}{\376\377\000A\000u\000f\000n\000a\000h\000m\000e}{subsection.4.3}% 35
\BOOKMARK [3][-]{subsubsection.4.3.2}{\376\377\000B\000e\000s\000t\000i\000m\000m\000u\000n\000g\000\040\000d\000e\000s\000\040\000G\000a\000i\000n}{subsection.4.3}% 36
\BOOKMARK [3][-]{subsubsection.4.3.3}{\376\377\000M\000i\000t\000t\000e\000l\000w\000e\000r\000t}{subsection.4.3}% 37
\BOOKMARK [3][-]{subsubsection.4.3.4}{\376\377\000D\000u\000r\000c\000h\000b\000r\000u\000c\000h\000s\000s\000p\000a\000n\000n\000u\000n\000g}{subsection.4.3}% 38
\BOOKMARK [2][-]{subsection.4.4}{\376\377\000M\000o\000d\000e\000l\000l\000i\000e\000r\000u\000n\000g\000\040\000e\000i\000n\000e\000s\000\040\000L\000E\000D\000-\000S\000p\000e\000k\000t\000r\000u\000m\000s}{section.4}% 39
\BOOKMARK [1][-]{section.5}{\376\377\000D\000i\000s\000k\000u\000s\000s\000i\000o\000n}{}% 40
\BOOKMARK [1][-]{section.6}{\376\377\000Z\000u\000s\000a\000m\000m\000e\000n\000f\000a\000s\000s\000u\000n\000g}{}% 41
\BOOKMARK [0][-]{section.6}{\376\377\000B\000i\000b\000l\000i\000o\000g\000r\000a\000p\000h\000y}{}% 42
\BOOKMARK [1][-]{appendix.A}{\376\377\000A\000n\000h\000a\000n\000g}{section.6}% 43
