This is pdfTeX, Version 3.141592653-2.6-1.40.25 (MiKTeX 24.1) (preloaded format=pdflatex 2024.8.25)  2 SEP 2024 12:12
entering extended mode
 restricted \write18 enabled.
 file:line:error style messages enabled.
 %&-line parsing enabled.
**./KV4.tex
(KV4.tex
LaTeX2e <2023-11-01> patch level 1
L3 programming layer <2024-01-04>
(E:\Programme\MiKTeX\tex/latex/base\article.cls
Document Class: article 2023/05/17 v1.4n Standard LaTeX document class
(E:\Programme\MiKTeX\tex/latex/base\size12.clo
File: size12.clo 2023/05/17 v1.4n Standard LaTeX file (size option)
)
\c@part=\count187
\c@section=\count188
\c@subsection=\count189
\c@subsubsection=\count190
\c@paragraph=\count191
\c@subparagraph=\count192
\c@figure=\count193
\c@table=\count194
\abovecaptionskip=\skip48
\belowcaptionskip=\skip49
\bibindent=\dimen140
)
(E:\Programme\MiKTeX\tex/latex/a4wide\a4wide.sty
Package: a4wide 1994/08/30

(E:\Programme\MiKTeX\tex/latex/ntgclass\a4.sty
Package: a4 2023/01/10 v1.2g A4 based page layout
))
(E:\Programme\MiKTeX\tex/latex/graphics\graphics.sty
Package: graphics 2022/03/10 v1.4e Standard LaTeX Graphics (DPC,SPQR)

(E:\Programme\MiKTeX\tex/latex/graphics\trig.sty
Package: trig 2021/08/11 v1.11 sin cos tan (DPC)
)
(E:\Programme\MiKTeX\tex/latex/graphics-cfg\graphics.cfg
File: graphics.cfg 2016/06/04 v1.11 sample graphics configuration
)
Package graphics Info: Driver file: pdftex.def on input line 107.

(E:\Programme\MiKTeX\tex/latex/graphics-def\pdftex.def
File: pdftex.def 2022/09/22 v1.2b Graphics/color driver for pdftex
))
(E:\Programme\MiKTeX\tex/latex/amsfonts\amsfonts.sty
Package: amsfonts 2013/01/14 v3.01 Basic AMSFonts support
\@emptytoks=\toks17
\symAMSa=\mathgroup4
\symAMSb=\mathgroup5
LaTeX Font Info:    Redeclaring math symbol \hbar on input line 98.
LaTeX Font Info:    Overwriting math alphabet `\mathfrak' in version `bold'
(Font)                  U/euf/m/n --> U/euf/b/n on input line 106.
)
(E:\Programme\MiKTeX\tex/latex/amsmath\amsmath.sty
Package: amsmath 2023/05/13 v2.17o AMS math features
\@mathmargin=\skip50

For additional information on amsmath, use the `?' option.
(E:\Programme\MiKTeX\tex/latex/amsmath\amstext.sty
Package: amstext 2021/08/26 v2.01 AMS text

(E:\Programme\MiKTeX\tex/latex/amsmath\amsgen.sty
File: amsgen.sty 1999/11/30 v2.0 generic functions
\@emptytoks=\toks18
\ex@=\dimen141
))
(E:\Programme\MiKTeX\tex/latex/amsmath\amsbsy.sty
Package: amsbsy 1999/11/29 v1.2d Bold Symbols
\pmbraise@=\dimen142
)
(E:\Programme\MiKTeX\tex/latex/amsmath\amsopn.sty
Package: amsopn 2022/04/08 v2.04 operator names
)
\inf@bad=\count195
LaTeX Info: Redefining \frac on input line 234.
\uproot@=\count196
\leftroot@=\count197
LaTeX Info: Redefining \overline on input line 399.
LaTeX Info: Redefining \colon on input line 410.
\classnum@=\count198
\DOTSCASE@=\count199
LaTeX Info: Redefining \ldots on input line 496.
LaTeX Info: Redefining \dots on input line 499.
LaTeX Info: Redefining \cdots on input line 620.
\Mathstrutbox@=\box51
\strutbox@=\box52
LaTeX Info: Redefining \big on input line 722.
LaTeX Info: Redefining \Big on input line 723.
LaTeX Info: Redefining \bigg on input line 724.
LaTeX Info: Redefining \Bigg on input line 725.
\big@size=\dimen143
LaTeX Font Info:    Redeclaring font encoding OML on input line 743.
LaTeX Font Info:    Redeclaring font encoding OMS on input line 744.
\macc@depth=\count266
LaTeX Info: Redefining \bmod on input line 905.
LaTeX Info: Redefining \pmod on input line 910.
LaTeX Info: Redefining \smash on input line 940.
LaTeX Info: Redefining \relbar on input line 970.
LaTeX Info: Redefining \Relbar on input line 971.
\c@MaxMatrixCols=\count267
\dotsspace@=\muskip16
\c@parentequation=\count268
\dspbrk@lvl=\count269
\tag@help=\toks19
\row@=\count270
\column@=\count271
\maxfields@=\count272
\andhelp@=\toks20
\eqnshift@=\dimen144
\alignsep@=\dimen145
\tagshift@=\dimen146
\tagwidth@=\dimen147
\totwidth@=\dimen148
\lineht@=\dimen149
\@envbody=\toks21
\multlinegap=\skip51
\multlinetaggap=\skip52
\mathdisplay@stack=\toks22
LaTeX Info: Redefining \[ on input line 2953.
LaTeX Info: Redefining \] on input line 2954.
)
(E:\Programme\MiKTeX\tex/latex/amsfonts\amssymb.sty
Package: amssymb 2013/01/14 v3.01 AMS font symbols
)
(E:\Programme\MiKTeX\tex/latex/amscls\amsthm.sty
Package: amsthm 2020/05/29 v2.20.6
\thm@style=\toks23
\thm@bodyfont=\toks24
\thm@headfont=\toks25
\thm@notefont=\toks26
\thm@headpunct=\toks27
\thm@preskip=\skip53
\thm@postskip=\skip54
\thm@headsep=\skip55
\dth@everypar=\toks28
)
(E:\Programme\MiKTeX\tex/latex/graphics\epsfig.sty
Package: epsfig 2017/06/25 v1.7b (e)psfig emulation (SPQR)

(E:\Programme\MiKTeX\tex/latex/graphics\graphicx.sty
Package: graphicx 2021/09/16 v1.2d Enhanced LaTeX Graphics (DPC,SPQR)

(E:\Programme\MiKTeX\tex/latex/graphics\keyval.sty
Package: keyval 2022/05/29 v1.15 key=value parser (DPC)
\KV@toks@=\toks29
)
\Gin@req@height=\dimen150
\Gin@req@width=\dimen151
)
\epsfxsize=\dimen152
\epsfysize=\dimen153
)
(E:\Programme\MiKTeX\tex/latex/caption\caption.sty
Package: caption 2023/08/05 v3.6o Customizing captions (AR)

(E:\Programme\MiKTeX\tex/latex/caption\caption3.sty
Package: caption3 2023/07/31 v2.4d caption3 kernel (AR)
\caption@tempdima=\dimen154
\captionmargin=\dimen155
\caption@leftmargin=\dimen156
\caption@rightmargin=\dimen157
\caption@width=\dimen158
\caption@indent=\dimen159
\caption@parindent=\dimen160
\caption@hangindent=\dimen161
Package caption Info: Standard document class detected.
)
\c@caption@flags=\count273
\c@continuedfloat=\count274
)
(E:\Programme\MiKTeX\tex/latex/caption\subcaption.sty
Package: subcaption 2023/07/28 v1.6b Sub-captions (AR)
Package caption Info: New subtype `subfigure' on input line 238.
\c@subfigure=\count275
Package caption Info: New subtype `subtable' on input line 238.
\c@subtable=\count276
)
(E:\Programme\MiKTeX\tex/generic/babel\babel.sty
Package: babel 2024/01/07 v24.1 The Babel package
\babel@savecnt=\count277
\U@D=\dimen162
\l@unhyphenated=\language79

(E:\Programme\MiKTeX\tex/generic/babel\txtbabel.def)
\bbl@readstream=\read2
\bbl@dirlevel=\count278

*************************************
* Local config file bblopts.cfg used
*
(E:\Programme\MiKTeX\tex/latex/arabi\bblopts.cfg
File: bblopts.cfg 2005/09/08 v0.1 add Arabic and Farsi to "declared" options of
 babel
)
(E:\Programme\MiKTeX\tex/latex/babel-german\ngerman.ldf
Language: ngerman 2024/01/19 v2.14 German support for babel (post-1996 orthogra
phy)

(E:\Programme\MiKTeX\tex/latex/babel-german\ngermanb.ldf
Language: ngermanb 2024/01/19 v2.14 German support for babel (post-1996 orthogr
aphy)
Package babel Info: Making " an active character on input line 122.
)))
(E:\Programme\MiKTeX\tex/generic/babel/locale/de\babel-ngerman.tex
Package babel Info: Importing font and identification data for ngerman
(babel)             from babel-de.ini. Reported on input line 11.
)
(E:\Programme\MiKTeX\tex/latex/hyperref\hyperref.sty
Package: hyperref 2023-11-26 v7.01g Hypertext links for LaTeX

(E:\Programme\MiKTeX\tex/generic/iftex\iftex.sty
Package: iftex 2022/02/03 v1.0f TeX engine tests
)
(E:\Programme\MiKTeX\tex/generic/infwarerr\infwarerr.sty
Package: infwarerr 2019/12/03 v1.5 Providing info/warning/error messages (HO)
)
(E:\Programme\MiKTeX\tex/latex/kvsetkeys\kvsetkeys.sty
Package: kvsetkeys 2022-10-05 v1.19 Key value parser (HO)
)
(E:\Programme\MiKTeX\tex/generic/kvdefinekeys\kvdefinekeys.sty
Package: kvdefinekeys 2019-12-19 v1.6 Define keys (HO)
)
(E:\Programme\MiKTeX\tex/generic/pdfescape\pdfescape.sty
Package: pdfescape 2019/12/09 v1.15 Implements pdfTeX's escape features (HO)

(E:\Programme\MiKTeX\tex/generic/ltxcmds\ltxcmds.sty
Package: ltxcmds 2023-12-04 v1.26 LaTeX kernel commands for general use (HO)
)
(E:\Programme\MiKTeX\tex/generic/pdftexcmds\pdftexcmds.sty
Package: pdftexcmds 2020-06-27 v0.33 Utility functions of pdfTeX for LuaTeX (HO
)
Package pdftexcmds Info: \pdf@primitive is available.
Package pdftexcmds Info: \pdf@ifprimitive is available.
Package pdftexcmds Info: \pdfdraftmode found.
))
(E:\Programme\MiKTeX\tex/latex/hycolor\hycolor.sty
Package: hycolor 2020-01-27 v1.10 Color options for hyperref/bookmark (HO)
)
(E:\Programme\MiKTeX\tex/latex/letltxmacro\letltxmacro.sty
Package: letltxmacro 2019/12/03 v1.6 Let assignment for LaTeX macros (HO)
)
(E:\Programme\MiKTeX\tex/latex/auxhook\auxhook.sty
Package: auxhook 2019-12-17 v1.6 Hooks for auxiliary files (HO)
)
(E:\Programme\MiKTeX\tex/latex/hyperref\nameref.sty
Package: nameref 2023-11-26 v2.56 Cross-referencing by name of section

(E:\Programme\MiKTeX\tex/latex/refcount\refcount.sty
Package: refcount 2019/12/15 v3.6 Data extraction from label references (HO)
)
(E:\Programme\MiKTeX\tex/generic/gettitlestring\gettitlestring.sty
Package: gettitlestring 2019/12/15 v1.6 Cleanup title references (HO)

(E:\Programme\MiKTeX\tex/latex/kvoptions\kvoptions.sty
Package: kvoptions 2022-06-15 v3.15 Key value format for package options (HO)
))
\c@section@level=\count279
)
(E:\Programme\MiKTeX\tex/latex/etoolbox\etoolbox.sty
Package: etoolbox 2020/10/05 v2.5k e-TeX tools for LaTeX (JAW)
\etb@tempcnta=\count280
)
\@linkdim=\dimen163
\Hy@linkcounter=\count281
\Hy@pagecounter=\count282

(E:\Programme\MiKTeX\tex/latex/hyperref\pd1enc.def
File: pd1enc.def 2023-11-26 v7.01g Hyperref: PDFDocEncoding definition (HO)
Now handling font encoding PD1 ...
... no UTF-8 mapping file for font encoding PD1
)
(E:\Programme\MiKTeX\tex/generic/intcalc\intcalc.sty
Package: intcalc 2019/12/15 v1.3 Expandable calculations with integers (HO)
)
\Hy@SavedSpaceFactor=\count283

(E:\Programme\MiKTeX\tex/latex/hyperref\puenc.def
File: puenc.def 2023-11-26 v7.01g Hyperref: PDF Unicode definition (HO)
Now handling font encoding PU ...
... no UTF-8 mapping file for font encoding PU
)
Package hyperref Info: Hyper figures OFF on input line 4181.
Package hyperref Info: Link nesting OFF on input line 4186.
Package hyperref Info: Hyper index ON on input line 4189.
Package hyperref Info: Plain pages OFF on input line 4196.
Package hyperref Info: Backreferencing OFF on input line 4201.
Package hyperref Info: Implicit mode ON; LaTeX internals redefined.
Package hyperref Info: Bookmarks ON on input line 4448.
\c@Hy@tempcnt=\count284

(E:\Programme\MiKTeX\tex/latex/url\url.sty
\Urlmuskip=\muskip17
Package: url 2013/09/16  ver 3.4  Verb mode for urls, etc.
)
LaTeX Info: Redefining \url on input line 4786.
\XeTeXLinkMargin=\dimen164

(E:\Programme\MiKTeX\tex/generic/bitset\bitset.sty
Package: bitset 2019/12/09 v1.3 Handle bit-vector datatype (HO)

(E:\Programme\MiKTeX\tex/generic/bigintcalc\bigintcalc.sty
Package: bigintcalc 2019/12/15 v1.5 Expandable calculations on big integers (HO
)
))
\Fld@menulength=\count285
\Field@Width=\dimen165
\Fld@charsize=\dimen166
Package hyperref Info: Hyper figures OFF on input line 6065.
Package hyperref Info: Link nesting OFF on input line 6070.
Package hyperref Info: Hyper index ON on input line 6073.
Package hyperref Info: backreferencing OFF on input line 6080.
Package hyperref Info: Link coloring OFF on input line 6085.
Package hyperref Info: Link coloring with OCG OFF on input line 6090.
Package hyperref Info: PDF/A mode OFF on input line 6095.

(E:\Programme\MiKTeX\tex/latex/base\atbegshi-ltx.sty
Package: atbegshi-ltx 2021/01/10 v1.0c Emulation of the original atbegshi
package with kernel methods
)
\Hy@abspage=\count286
\c@Item=\count287
\c@Hfootnote=\count288
)
Package hyperref Info: Driver (autodetected): hpdftex.

(E:\Programme\MiKTeX\tex/latex/hyperref\hpdftex.def
File: hpdftex.def 2023-11-26 v7.01g Hyperref driver for pdfTeX

(E:\Programme\MiKTeX\tex/latex/base\atveryend-ltx.sty
Package: atveryend-ltx 2020/08/19 v1.0a Emulation of the original atveryend pac
kage
with kernel methods
)
\Fld@listcount=\count289
\c@bookmark@seq@number=\count290

(E:\Programme\MiKTeX\tex/latex/rerunfilecheck\rerunfilecheck.sty
Package: rerunfilecheck 2022-07-10 v1.10 Rerun checks for auxiliary files (HO)

(E:\Programme\MiKTeX\tex/generic/uniquecounter\uniquecounter.sty
Package: uniquecounter 2019/12/15 v1.4 Provide unlimited unique counter (HO)
)
Package uniquecounter Info: New unique counter `rerunfilecheck' on input line 2
85.
)
\Hy@SectionHShift=\skip56
)
(E:\Programme\MiKTeX\tex/latex/l3backend\l3backend-pdftex.def
File: l3backend-pdftex.def 2024-01-04 L3 backend support: PDF output (pdfTeX)
\l__color_backend_stack_int=\count291
\l__pdf_internal_box=\box53
)
(C:/Users\darek\OneDrive - M365 Universität Hamburg\UNI\FPrak\F_Praktikum\Kurz
versuch\Protokoll-KV4\out\KV4.aux

LaTeX Warning: Label `anhang' multiply defined.

)
\openout1 = `KV4.aux'.

LaTeX Font Info:    Checking defaults for OML/cmm/m/it on input line 18.
LaTeX Font Info:    ... okay on input line 18.
LaTeX Font Info:    Checking defaults for OMS/cmsy/m/n on input line 18.
LaTeX Font Info:    ... okay on input line 18.
LaTeX Font Info:    Checking defaults for OT1/cmr/m/n on input line 18.
LaTeX Font Info:    ... okay on input line 18.
LaTeX Font Info:    Checking defaults for T1/cmr/m/n on input line 18.
LaTeX Font Info:    ... okay on input line 18.
LaTeX Font Info:    Checking defaults for TS1/cmr/m/n on input line 18.
LaTeX Font Info:    ... okay on input line 18.
LaTeX Font Info:    Checking defaults for OMX/cmex/m/n on input line 18.
LaTeX Font Info:    ... okay on input line 18.
LaTeX Font Info:    Checking defaults for U/cmr/m/n on input line 18.
LaTeX Font Info:    ... okay on input line 18.
LaTeX Font Info:    Checking defaults for PD1/pdf/m/n on input line 18.
LaTeX Font Info:    ... okay on input line 18.
LaTeX Font Info:    Checking defaults for PU/pdf/m/n on input line 18.
LaTeX Font Info:    ... okay on input line 18.
 (E:\Programme\MiKTeX\tex/context/base/mkii\supp-pdf.mkii
[Loading MPS to PDF converter (version 2006.09.02).]
\scratchcounter=\count292
\scratchdimen=\dimen167
\scratchbox=\box54
\nofMPsegments=\count293
\nofMParguments=\count294
\everyMPshowfont=\toks30
\MPscratchCnt=\count295
\MPscratchDim=\dimen168
\MPnumerator=\count296
\makeMPintoPDFobject=\count297
\everyMPtoPDFconversion=\toks31
) (E:\Programme\MiKTeX\tex/latex/epstopdf-pkg\epstopdf-base.sty
Package: epstopdf-base 2020-01-24 v2.11 Base part for package epstopdf
Package epstopdf-base Info: Redefining graphics rule for `.eps' on input line 4
85.

(E:\Programme\MiKTeX\tex/latex/00miktex\epstopdf-sys.cfg
File: epstopdf-sys.cfg 2021/03/18 v2.0 Configuration of epstopdf for MiKTeX
))
Package caption Info: Begin \AtBeginDocument code.
Package caption Info: hyperref package is loaded.
Package caption Info: End \AtBeginDocument code.
Package hyperref Info: Link coloring OFF on input line 18.

(C:/Users\darek\OneDrive - M365 Universität Hamburg\UNI\FPrak\F_Praktikum\Kurz
versuch\Protokoll-KV4\out\KV4.out)
(C:/Users\darek\OneDrive - M365 Universität Hamburg\UNI\FPrak\F_Praktikum\Kurz
versuch\Protokoll-KV4\out\KV4.out)
\@outlinefile=\write3
\openout3 = `KV4.out'.

LaTeX Font Info:    Trying to load font information for U+msa on input line 21.


(E:\Programme\MiKTeX\tex/latex/amsfonts\umsa.fd
File: umsa.fd 2013/01/14 v3.01 AMS symbols A
)
LaTeX Font Info:    Trying to load font information for U+msb on input line 21.


(E:\Programme\MiKTeX\tex/latex/amsfonts\umsb.fd
File: umsb.fd 2013/01/14 v3.01 AMS symbols B
) [1

{C:/Users/darek/AppData/Local/MiKTeX/fonts/map/pdftex/pdftex.map}]

LaTeX Warning: Citation `Versuchsmappe' on page 2 undefined on input line 36.


LaTeX Warning: Citation `Klanner2019' on page 2 undefined on input line 36.


LaTeX Warning: Citation `Zvolsky2017' on page 2 undefined on input line 36.

[2

] [3]
Overfull \hbox (1.45818pt too wide) in paragraph at lines 87--87
[]\OT1/cmr/bx/n/14.4 Welchen Wahr-schein-lich-keits-ver-tei-lun-gen fol-gen die
 emit-tier-
 []


Overfull \hbox (7.76328pt too wide) in paragraph at lines 87--87
\OT1/cmr/bx/n/14.4 ten Pho-to-nen und die Re-spon-se der SiPM in ers-ter N[]ahe
rung?
 []


Overfull \hbox (6.38326pt too wide) in paragraph at lines 92--92
[]\OT1/cmr/bx/n/14.4 Wie be-rech-net sich der Mit-tel-wert ei-ner H[]aufigkeits
verteilung
 []

[4] [5] [6]

LaTeX Warning: Citation `Hamamatsu' on page 7 undefined on input line 188.


LaTeX Warning: Reference `AfterpulseErkl' on page 7 undefined on input line 195
.


LaTeX Warning: Reference `AfterpulseGrafik' on page 7 undefined on input line 1
96.


LaTeX Warning: Reference `PulseOsziKombi' on page 7 undefined on input line 198
.


LaTeX Warning: Reference `PulseOsziKombi' on page 7 undefined on input line 200
.

<Grafiken/4-1/Afterpuls.png, id=103, 803.0pt x 481.8pt>
File: Grafiken/4-1/Afterpuls.png Graphic file (type png)
<use Grafiken/4-1/Afterpuls.png>
Package pdftex.def Info: Grafiken/4-1/Afterpuls.png  used on input line 204.
(pdftex.def)             Requested size: 225.75594pt x 135.45445pt.

LaTeX Warning: `!h' float specifier changed to `!ht'.

<Grafiken/4-1/4-1-1.png, id=104, 803.0pt x 481.8pt>
File: Grafiken/4-1/4-1-1.png Graphic file (type png)
<use Grafiken/4-1/4-1-1.png>
Package pdftex.def Info: Grafiken/4-1/4-1-1.png  used on input line 214.
(pdftex.def)             Requested size: 147.43416pt x 88.45525pt.
<Grafiken/4-1/4-1-3.png, id=105, 803.0pt x 481.8pt>
File: Grafiken/4-1/4-1-3.png Graphic file (type png)
<use Grafiken/4-1/4-1-3.png>
Package pdftex.def Info: Grafiken/4-1/4-1-3.png  used on input line 219.
(pdftex.def)             Requested size: 147.43416pt x 88.45525pt.
<Grafiken/4-1/4-1-2.png, id=106, 803.0pt x 481.8pt>
File: Grafiken/4-1/4-1-2.png Graphic file (type png)
<use Grafiken/4-1/4-1-2.png>
Package pdftex.def Info: Grafiken/4-1/4-1-2.png  used on input line 224.
(pdftex.def)             Requested size: 147.43416pt x 88.45525pt.

LaTeX Warning: `!h' float specifier changed to `!ht'.


LaTeX Warning: Reference `EinzelpulseOszi' on page 7 undefined on input line 23
7.

<Grafiken/4-1-2/Zerfall1.png, id=107, 803.0pt x 481.8pt>
File: Grafiken/4-1-2/Zerfall1.png Graphic file (type png)
<use Grafiken/4-1-2/Zerfall1.png>
Package pdftex.def Info: Grafiken/4-1-2/Zerfall1.png  used on input line 249.
(pdftex.def)             Requested size: 147.43416pt x 88.45525pt.
File: Grafiken/4-1-2/Zerfall1.png Graphic file (type png)
<use Grafiken/4-1-2/Zerfall1.png>
Package pdftex.def Info: Grafiken/4-1-2/Zerfall1.png  used on input line 254.
(pdftex.def)             Requested size: 147.43416pt x 88.45525pt.
File: Grafiken/4-1-2/Zerfall1.png Graphic file (type png)
<use Grafiken/4-1-2/Zerfall1.png>
Package pdftex.def Info: Grafiken/4-1-2/Zerfall1.png  used on input line 259.
(pdftex.def)             Requested size: 147.43416pt x 88.45525pt.
[7] [8 <./Grafiken/4-1/Afterpuls.png (PNG copy)> <./Grafiken/4-1/4-1-1.png (PNG
 copy)> <./Grafiken/4-1/4-1-3.png (PNG copy)> <./Grafiken/4-1/4-1-2.png (PNG co
py)> <./Grafiken/4-1-2/Zerfall1.png (PNG copy)>]

LaTeX Warning: Reference `SpannungsänderungPuls' on page 9 undefined on input 
line 278.

<Grafiken/4-1-4/4-4-53.png, id=127, 803.0pt x 481.8pt>
File: Grafiken/4-1-4/4-4-53.png Graphic file (type png)
<use Grafiken/4-1-4/4-4-53.png>
Package pdftex.def Info: Grafiken/4-1-4/4-4-53.png  used on input line 283.
(pdftex.def)             Requested size: 225.75594pt x 135.45445pt.
<Grafiken/4-1-4/4-4-55.png, id=128, 803.0pt x 481.8pt>
File: Grafiken/4-1-4/4-4-55.png Graphic file (type png)
<use Grafiken/4-1-4/4-4-55.png>
Package pdftex.def Info: Grafiken/4-1-4/4-4-55.png  used on input line 288.
(pdftex.def)             Requested size: 225.75594pt x 135.45445pt.
<Grafiken/4-1-4/4-4-58.png, id=129, 803.0pt x 481.8pt>
File: Grafiken/4-1-4/4-4-58.png Graphic file (type png)
<use Grafiken/4-1-4/4-4-58.png>
Package pdftex.def Info: Grafiken/4-1-4/4-4-58.png  used on input line 293.
(pdftex.def)             Requested size: 225.75594pt x 135.45445pt.
<Grafiken/4-1-4/4-4-65.png, id=130, 803.0pt x 481.8pt>
File: Grafiken/4-1-4/4-4-65.png Graphic file (type png)
<use Grafiken/4-1-4/4-4-65.png>
Package pdftex.def Info: Grafiken/4-1-4/4-4-65.png  used on input line 298.
(pdftex.def)             Requested size: 225.75594pt x 135.45445pt.
[9 <./Grafiken/4-1-4/4-4-53.png (PNG copy)> <./Grafiken/4-1-4/4-4-55.png (PNG c
opy)> <./Grafiken/4-1-4/4-4-58.png (PNG copy)> <./Grafiken/4-1-4/4-4-65.png (PN
G copy)>]
<Grafiken/gate_8.png, id=138, 642.4pt x 481.8pt>
File: Grafiken/gate_8.png Graphic file (type png)
<use Grafiken/gate_8.png>
Package pdftex.def Info: Grafiken/gate_8.png  used on input line 314.
(pdftex.def)             Requested size: 225.75594pt x 169.31622pt.
<Grafiken/gate_7000.png, id=140, 642.4pt x 481.8pt>
File: Grafiken/gate_7000.png Graphic file (type png)
<use Grafiken/gate_7000.png>
Package pdftex.def Info: Grafiken/gate_7000.png  used on input line 318.
(pdftex.def)             Requested size: 225.75594pt x 169.31622pt.


LaTeX Warning: Reference `Dunkelspektren' on page 10 undefined on input line 33
9.


LaTeX Warning: File `src/Grafiken/dunkel_57.png' not found on input line 345.


KV4.tex:345: Package pdftex.def Error: File `src/Grafiken/dunkel_57.png' not fo
und: using draft setting.

See the pdftex.def package documentation for explanation.
Type  H <return>  for immediate help.
 ...                                              
                                                  
l.345 ...h=\textwidth]{src/Grafiken/dunkel_57.png}
                                                  
Try typing  <return>  to proceed.
If that doesn't work, type  X <return>  to quit.


LaTeX Warning: File `src/Grafiken/dunkel_60.png' not found on input line 350.


KV4.tex:350: Package pdftex.def Error: File `src/Grafiken/dunkel_60.png' not fo
und: using draft setting.

See the pdftex.def package documentation for explanation.
Type  H <return>  for immediate help.
 ...                                              
                                                  
l.350 ...h=\textwidth]{src/Grafiken/dunkel_60.png}
                                                  
Try typing  <return>  to proceed.
If that doesn't work, type  X <return>  to quit.


LaTeX Warning: File `src/Grafiken/dunkel_63.png' not found on input line 355.


KV4.tex:355: Package pdftex.def Error: File `src/Grafiken/dunkel_63.png' not fo
und: using draft setting.

See the pdftex.def package documentation for explanation.
Type  H <return>  for immediate help.
 ...                                              
                                                  
l.355 ...h=\textwidth]{src/Grafiken/dunkel_63.png}
                                                  
Try typing  <return>  to proceed.
If that doesn't work, type  X <return>  to quit.

[10 <./Grafiken/gate_8.png> <./Grafiken/gate_7000.png>]

LaTeX Warning: Reference `DCRBestimmung1' on page 11 undefined on input line 37
3.

[11]

LaTeX Warning: Reference `DCRBestimmung2' on page 12 undefined on input line 42
1.


LaTeX Warning: Reference `CN' on page 12 undefined on input line 443.


LaTeX Warning: Reference `CorrelatedNoide' on page 12 undefined on input line 4
44.


LaTeX Warning: `h' float specifier changed to `ht'.

[12]

LaTeX Warning: Reference `GainBestimmung' on page 13 undefined on input line 46
9.


LaTeX Warning: Reference `GainFormel' on page 13 undefined on input line 469.


LaTeX Warning: Reference `GainFormelFehler' on page 13 undefined on input line 
469.


LaTeX Warning: Reference `GainBestimmtungTabelleEinzeln' on page 13 undefined o
n input line 469.

KV4.tex:472: Missing { inserted.
<to be read again> 
                   _
l.472     G_i = \mu_{i,1} -  \mu__
                                  {i,0}
A left brace was mandatory here, so I've put one in.
You might want to delete and/or insert some corrections
so that I will find a matching right brace soon.
(If you're confused by all this, try typing `I}' now.)

KV4.tex:474: You can't use `\eqno' in math mode.
\veqno ->\@kernel@eqno 
                       \aftergroup \ignorespaces 
l.474 \end{equation}
                    
Sorry, but I'm not programmed to handle this case;
I'll just pretend that you didn't ask for it.
If you're in the wrong mode, you might be able to
return to the right one by typing `I}' or `I$' or `I\par'.

KV4.tex:474: Missing } inserted.
<inserted text> 
                }
l.474 \end{equation}
                    
I've inserted something that you may have forgotten.
(See the <inserted text> above.)
With luck, this will get me unwedged. But if you
really didn't forget anything, try typing `2' now; then
my insertion and my current dilemma will both disappear.

<Grafiken/gaussfit_55.png, id=173, 642.4pt x 481.8pt>
File: Grafiken/gaussfit_55.png Graphic file (type png)
<use Grafiken/gaussfit_55.png>
Package pdftex.def Info: Grafiken/gaussfit_55.png  used on input line 487.
(pdftex.def)             Requested size: 147.43416pt x 110.5764pt.
<Grafiken/gaussfit_56.png, id=174, 642.4pt x 481.8pt>
File: Grafiken/gaussfit_56.png Graphic file (type png)
<use Grafiken/gaussfit_56.png>
Package pdftex.def Info: Grafiken/gaussfit_56.png  used on input line 492.
(pdftex.def)             Requested size: 147.43416pt x 110.5764pt.
<Grafiken/gaussfit_57.png, id=175, 642.4pt x 481.8pt>
File: Grafiken/gaussfit_57.png Graphic file (type png)
<use Grafiken/gaussfit_57.png>
Package pdftex.def Info: Grafiken/gaussfit_57.png  used on input line 497.
(pdftex.def)             Requested size: 147.43416pt x 110.5764pt.
<Grafiken/gaussfit_58.png, id=176, 642.4pt x 481.8pt>
File: Grafiken/gaussfit_58.png Graphic file (type png)
<use Grafiken/gaussfit_58.png>
Package pdftex.def Info: Grafiken/gaussfit_58.png  used on input line 502.
(pdftex.def)             Requested size: 147.43416pt x 110.5764pt.
<Grafiken/gaussfit_59.png, id=177, 642.4pt x 481.8pt>
File: Grafiken/gaussfit_59.png Graphic file (type png)
<use Grafiken/gaussfit_59.png>
Package pdftex.def Info: Grafiken/gaussfit_59.png  used on input line 507.
(pdftex.def)             Requested size: 147.43416pt x 110.5764pt.
<Grafiken/gaussfit_60.png, id=178, 642.4pt x 481.8pt>
File: Grafiken/gaussfit_60.png Graphic file (type png)
<use Grafiken/gaussfit_60.png>
Package pdftex.def Info: Grafiken/gaussfit_60.png  used on input line 512.
(pdftex.def)             Requested size: 147.43416pt x 110.5764pt.
<Grafiken/gaussfit_61.png, id=179, 642.4pt x 481.8pt>
File: Grafiken/gaussfit_61.png Graphic file (type png)
<use Grafiken/gaussfit_61.png>
Package pdftex.def Info: Grafiken/gaussfit_61.png  used on input line 517.
(pdftex.def)             Requested size: 147.43416pt x 110.5764pt.
<Grafiken/gaussfit_62.png, id=180, 642.4pt x 481.8pt>
File: Grafiken/gaussfit_62.png Graphic file (type png)
<use Grafiken/gaussfit_62.png>
Package pdftex.def Info: Grafiken/gaussfit_62.png  used on input line 521.
(pdftex.def)             Requested size: 147.43416pt x 110.5764pt.

LaTeX Warning: `!h' float specifier changed to `!ht'.

KV4.tex:535: Missing $ inserted.
<inserted text> 
                $
l.535 ...$\sigma_{1}$ & Gain G [$V^{-1}$] & \sigma
                                                  _{G} [$V^{-1}$]\\
I've inserted a begin-math/end-math symbol since I think
you left one out. Proceed, with fingers crossed.

KV4.tex:535: Missing $ inserted.
<inserted text> 
                $
l.535 ...1}$ & Gain G [$V^{-1}$] & \sigma_{G} [$V^
                                                  {-1}$]\\
I've inserted a begin-math/end-math symbol since I think
you left one out. Proceed, with fingers crossed.


LaTeX Warning: Reference `GainFit' on page 13 undefined on input line 554.

[13]
<Grafiken/gain_fit.png, id=193, 642.4pt x 481.8pt>
File: Grafiken/gain_fit.png Graphic file (type png)
<use Grafiken/gain_fit.png>
Package pdftex.def Info: Grafiken/gain_fit.png  used on input line 562.
(pdftex.def)             Requested size: 225.75594pt x 169.31622pt.


LaTeX Warning: `!h' float specifier changed to `!ht'.


LaTeX Warning: Reference `PoissonMeanEQ' on page 14 undefined on input line 573
.

[14 <./Grafiken/gaussfit_55.png> <./Grafiken/gaussfit_56.png> <./Grafiken/gauss
fit_57.png> <./Grafiken/gaussfit_58.png> <./Grafiken/gaussfit_59.png> <./Grafik
en/gaussfit_60.png> <./Grafiken/gaussfit_61.png> <./Grafiken/gaussfit_62.png>]
[15 <./Grafiken/gain_fit.png>]

LaTeX Warning: Reference `PO' on page 16 undefined on input line 616.


LaTeX Warning: Reference `S' on page 16 undefined on input line 624.

<Grafiken/model 55.png, id=223, 642.4pt x 481.8pt>
File: Grafiken/model 55.png Graphic file (type png)
<use Grafiken/model 55.png>
Package pdftex.def Info: Grafiken/model 55.png  used on input line 639.
(pdftex.def)             Requested size: 225.75594pt x 169.31622pt.
<Grafiken/modell 56.png, id=224, 642.4pt x 481.8pt>
File: Grafiken/modell 56.png Graphic file (type png)
<use Grafiken/modell 56.png>
Package pdftex.def Info: Grafiken/modell 56.png  used on input line 643.
(pdftex.def)             Requested size: 225.75594pt x 169.31622pt.
<Grafiken/modell 57.png, id=225, 642.4pt x 481.8pt>
File: Grafiken/modell 57.png Graphic file (type png)
<use Grafiken/modell 57.png>
Package pdftex.def Info: Grafiken/modell 57.png  used on input line 654.
(pdftex.def)             Requested size: 225.75594pt x 169.31622pt.
<Grafiken/modell 58.png, id=226, 642.4pt x 481.8pt>
File: Grafiken/modell 58.png Graphic file (type png)
<use Grafiken/modell 58.png>
Package pdftex.def Info: Grafiken/modell 58.png  used on input line 658.
(pdftex.def)             Requested size: 225.75594pt x 169.31622pt.
<Grafiken/modell 59.png, id=227, 642.4pt x 481.8pt>
File: Grafiken/modell 59.png Graphic file (type png)
<use Grafiken/modell 59.png>
Package pdftex.def Info: Grafiken/modell 59.png  used on input line 662.
(pdftex.def)             Requested size: 225.75594pt x 169.31622pt.
<Grafiken/modell 60.png, id=228, 642.4pt x 481.8pt>
File: Grafiken/modell 60.png Graphic file (type png)
<use Grafiken/modell 60.png>
Package pdftex.def Info: Grafiken/modell 60.png  used on input line 666.
(pdftex.def)             Requested size: 225.75594pt x 169.31622pt.

LaTeX Warning: `!h' float specifier changed to `!ht'.

<Grafiken/modell 61.png, id=229, 642.4pt x 481.8pt>
File: Grafiken/modell 61.png Graphic file (type png)
<use Grafiken/modell 61.png>
Package pdftex.def Info: Grafiken/modell 61.png  used on input line 677.
(pdftex.def)             Requested size: 225.75594pt x 169.31622pt.
<Grafiken/modell 62.png, id=230, 642.4pt x 481.8pt>
File: Grafiken/modell 62.png Graphic file (type png)
<use Grafiken/modell 62.png>
Package pdftex.def Info: Grafiken/modell 62.png  used on input line 681.
(pdftex.def)             Requested size: 225.75594pt x 169.31622pt.

LaTeX Warning: `!h' float specifier changed to `!ht'.

[16 <./Grafiken/model 55.png> <./Grafiken/modell 56.png>]

LaTeX Warning: Reference `table:Chi2Test' on page 17 undefined on input line 69
4.

[17 <./Grafiken/modell 57.png> <./Grafiken/modell 58.png> <./Grafiken/modell 59
.png> <./Grafiken/modell 60.png>]

KV4.tex:726: LaTeX Error: There's no line here to end.

See the LaTeX manual or LaTeX Companion for explanation.
Type  H <return>  for immediate help.
 ...                                              
                                                  
l.726 \\Z
         unächst wurden dafür charakteristische Kenngrößen des SiPM vari...

Your command was ignored.
Type  I <command> <return>  to replace it with another command,
or  <return>  to continue without it.

[18 <./Grafiken/modell 61.png> <./Grafiken/modell 62.png>]
Overfull \hbox (26.8251pt too wide) in paragraph at lines 730--734
[]\OT1/cmr/m/n/12 Die Auf-nah-me der ver-schie-de-nen Spek-tren f[]ur ver-schie
-de-nen Be-triebss-pan-nun-gen erm[]oglichte
 []


LaTeX Warning: Reference `M' on page 19 undefined on input line 741.

No file KV4.bbl.
[19] [20

]
(C:/Users\darek\OneDrive - M365 Universität Hamburg\UNI\FPrak\F_Praktikum\Kurz
versuch\Protokoll-KV4\out\KV4.aux)
 ***********
LaTeX2e <2023-11-01> patch level 1
L3 programming layer <2024-01-04>
 ***********


LaTeX Warning: There were undefined references.


LaTeX Warning: There were multiply-defined labels.

Package rerunfilecheck Info: File `KV4.out' has not changed.
(rerunfilecheck)             Checksum: BC2A7AD9869E7FAAF2699B69CF47E02B;1260.
 ) 
Here is how much of TeX's memory you used:
 12843 strings out of 474485
 209712 string characters out of 5755459
 1946542 words of memory out of 5000000
 34870 multiletter control sequences out of 15000+600000
 568857 words of font info for 78 fonts, out of 8000000 for 9000
 1141 hyphenation exceptions out of 8191
 75i,11n,79p,542b,574s stack positions out of 10000i,1000n,20000p,200000b,200000s

pdfTeX warning (dest): name{section.7} has been referenced but does not exist, 
replaced by a fixed one


pdfTeX warning (dest): name{subsection.5.1} has been referenced but does not ex
ist, replaced by a fixed one

<E:/Programme/MiKTeX/fonts/type1/public/amsfonts/cm/cmbx10.pfb><E:/Programme/Mi
KTeX/fonts/type1/public/amsfonts/cm/cmbx12.pfb><E:/Programme/MiKTeX/fonts/type1
/public/amsfonts/cm/cmex10.pfb><E:/Programme/MiKTeX/fonts/type1/public/amsfonts
/cm/cmmi10.pfb><E:/Programme/MiKTeX/fonts/type1/public/amsfonts/cm/cmmi12.pfb><
E:/Programme/MiKTeX/fonts/type1/public/amsfonts/cm/cmmi6.pfb><E:/Programme/MiKT
eX/fonts/type1/public/amsfonts/cm/cmmi8.pfb><E:/Programme/MiKTeX/fonts/type1/pu
blic/amsfonts/cm/cmr10.pfb><E:/Programme/MiKTeX/fonts/type1/public/amsfonts/cm/
cmr12.pfb><E:/Programme/MiKTeX/fonts/type1/public/amsfonts/cm/cmr17.pfb><E:/Pro
gramme/MiKTeX/fonts/type1/public/amsfonts/cm/cmr6.pfb><E:/Programme/MiKTeX/font
s/type1/public/amsfonts/cm/cmr8.pfb><E:/Programme/MiKTeX/fonts/type1/public/ams
fonts/cm/cmsy10.pfb><E:/Programme/MiKTeX/fonts/type1/public/amsfonts/cm/cmsy6.p
fb><E:/Programme/MiKTeX/fonts/type1/public/amsfonts/cm/cmsy8.pfb><E:/Programme/
MiKTeX/fonts/type1/public/amsfonts/cm/cmtt12.pfb><E:/Programme/MiKTeX/fonts/typ
e1/public/amsfonts/symbols/msbm10.pfb>
Output written on "C:/Users\darek\OneDrive - M365 Universität Hamburg\UNI\FPra
k\F_Praktikum\Kurzversuch\Protokoll-KV4\out\KV4.pdf" (20 pages, 1338540 bytes).

PDF statistics:
 362 PDF objects out of 1000 (max. 8388607)
 107 named destinations out of 1000 (max. 500000)
 221 words of extra memory for PDF output out of 10000 (max. 10000000)

